0 info it worked if it ends with ok
1 verbose cli [ 'D:\\node.js\\node.exe',
1 verbose cli   'D:\\node.js\\node_modules\\npm\\bin\\npm-cli.js',
1 verbose cli   'run',
1 verbose cli   'publish' ]
2 info using npm@4.1.2
3 info using node@v7.7.4
4 verbose config Skipping project config: C:\Users\harrison tsai/.npmrc. (matches userconfig)
5 verbose stack Error: ENOENT: no such file or directory, open 'C:\Users\harrison tsai\package.json'
6 verbose cwd C:\Users\harrison tsai\github\wp106a
7 error Windows_NT 10.0.15063
8 error argv "D:\\node.js\\node.exe" "D:\\node.js\\node_modules\\npm\\bin\\npm-cli.js" "run" "publish"
9 error node v7.7.4
10 error npm  v4.1.2
11 error path C:\Users\harrison tsai\package.json
12 error code ENOENT
13 error errno -4058
14 error syscall open
15 error enoent ENOENT: no such file or directory, open 'C:\Users\harrison tsai\package.json'
16 error enoent ENOENT: no such file or directory, open 'C:\Users\harrison tsai\package.json'
16 error enoent This is most likely not a problem with npm itself
16 error enoent and is related to npm not being able to find a file.
17 verbose exit [ -4058, true ]
